<?xml version="1.0" encoding="UTF-8"?>
<!-- Generated by org.testng.reporters.JUnitReportReporter -->
<testsuite hostname="Ajith" failures="0" tests="1" name="launchBrowser.firstTest" time="5.331" errors="0" timestamp="2024-02-05T19:50:21 IST" skipped="0">
  <testcase classname="launchBrowser.firstTest" name="f" time="5.331"/>
</testsuite> <!-- launchBrowser.firstTest -->
