<?xml version="1.0" encoding="UTF-8"?>
<!-- Generated by org.testng.reporters.JUnitReportReporter -->
<testsuite hostname="Ajith" failures="0" tests="1" name="launchBrowser.firstTest" time="6.694" errors="0" timestamp="2024-02-06T15:54:35 IST" skipped="0">
  <testcase classname="launchBrowser.firstTest" name="f" time="6.694"/>
</testsuite> <!-- launchBrowser.firstTest -->
