<?xml version="1.0" encoding="UTF-8"?>
<!-- Generated by org.testng.reporters.JUnitReportReporter -->
<testsuite hostname="Ajith" failures="0" tests="1" name="launchBrowser.firstTest" time="6.244" errors="0" timestamp="2024-02-05T21:20:32 IST" skipped="0">
  <testcase classname="launchBrowser.firstTest" name="f" time="6.244"/>
</testsuite> <!-- launchBrowser.firstTest -->
