<?xml version="1.0" encoding="UTF-8"?>
<!-- Generated by org.testng.reporters.JUnitReportReporter -->
<testsuite hostname="Ajith" failures="0" tests="1" name="launchBrowser.firstTest" time="6.628" errors="0" timestamp="2024-02-05T20:09:02 IST" skipped="0">
  <testcase classname="launchBrowser.firstTest" name="f" time="6.628"/>
</testsuite> <!-- launchBrowser.firstTest -->
